2020/11/20 06:47:23 [INFO] Packer version: 1.6.5 [go1.15.3 linux amd64]
2020/11/20 06:47:23 Checking 'PACKER_CONFIG' for a config file path
2020/11/20 06:47:23 'PACKER_CONFIG' not set; checking the default config file path
2020/11/20 06:47:23 Attempting to open config file: /home/ec2-user/.packerconfig
2020/11/20 06:47:23 [WARN] Config file doesn't exist: /home/ec2-user/.packerconfig
2020/11/20 06:47:23 Setting cache directory: /home/ec2-user/environment/packer/packer_cache
2020/11/20 06:47:23 Creating plugin client for path: /usr/bin/packer
2020/11/20 06:47:23 Starting plugin: /usr/bin/packer []string{"/usr/bin/packer", "plugin", "packer-builder-amazon-ebs"}
2020/11/20 06:47:23 Waiting for RPC address for: /usr/bin/packer
2020/11/20 06:47:23 packer-builder-amazon-ebs plugin: [INFO] Packer version: 1.6.5 [go1.15.3 linux amd64]
2020/11/20 06:47:23 packer-builder-amazon-ebs plugin: Checking 'PACKER_CONFIG' for a config file path
2020/11/20 06:47:23 packer-builder-amazon-ebs plugin: 'PACKER_CONFIG' not set; checking the default config file path
2020/11/20 06:47:23 packer-builder-amazon-ebs plugin: Attempting to open config file: /home/ec2-user/.packerconfig
2020/11/20 06:47:23 packer-builder-amazon-ebs plugin: [WARN] Config file doesn't exist: /home/ec2-user/.packerconfig
2020/11/20 06:47:23 packer-builder-amazon-ebs plugin: Setting cache directory: /home/ec2-user/environment/packer/packer_cache
2020/11/20 06:47:23 packer-builder-amazon-ebs plugin: args: []string{"packer-builder-amazon-ebs"}
2020/11/20 06:47:23 Received unix RPC address for /usr/bin/packer: addr is /tmp/packer-plugin136775804
2020/11/20 06:47:23 packer-builder-amazon-ebs plugin: Plugin address: unix /tmp/packer-plugin136775804
2020/11/20 06:47:23 packer-builder-amazon-ebs plugin: Waiting for connection...
2020/11/20 06:47:23 packer-builder-amazon-ebs plugin: Serving a plugin connection...
2020/11/20 06:47:23 Creating plugin client for path: /usr/bin/packer
2020/11/20 06:47:23 Starting plugin: /usr/bin/packer []string{"/usr/bin/packer", "plugin", "packer-provisioner-shell"}
2020/11/20 06:47:23 Waiting for RPC address for: /usr/bin/packer
2020/11/20 06:47:23 packer-provisioner-shell plugin: [INFO] Packer version: 1.6.5 [go1.15.3 linux amd64]
2020/11/20 06:47:23 packer-provisioner-shell plugin: Checking 'PACKER_CONFIG' for a config file path
2020/11/20 06:47:23 packer-provisioner-shell plugin: 'PACKER_CONFIG' not set; checking the default config file path
2020/11/20 06:47:23 packer-provisioner-shell plugin: Attempting to open config file: /home/ec2-user/.packerconfig
2020/11/20 06:47:23 packer-provisioner-shell plugin: [WARN] Config file doesn't exist: /home/ec2-user/.packerconfig
2020/11/20 06:47:23 packer-provisioner-shell plugin: Setting cache directory: /home/ec2-user/environment/packer/packer_cache
2020/11/20 06:47:23 packer-provisioner-shell plugin: args: []string{"packer-provisioner-shell"}
2020/11/20 06:47:23 Received unix RPC address for /usr/bin/packer: addr is /tmp/packer-plugin189530906
2020/11/20 06:47:23 packer-provisioner-shell plugin: Plugin address: unix /tmp/packer-plugin189530906
2020/11/20 06:47:23 packer-provisioner-shell plugin: Waiting for connection...
2020/11/20 06:47:23 packer-provisioner-shell plugin: Serving a plugin connection...
2020/11/20 06:47:23 Creating plugin client for path: /usr/bin/packer
2020/11/20 06:47:23 Starting plugin: /usr/bin/packer []string{"/usr/bin/packer", "plugin", "packer-post-processor-manifest"}
2020/11/20 06:47:23 Waiting for RPC address for: /usr/bin/packer
2020/11/20 06:47:23 packer-post-processor-manifest plugin: [INFO] Packer version: 1.6.5 [go1.15.3 linux amd64]
2020/11/20 06:47:23 packer-post-processor-manifest plugin: Checking 'PACKER_CONFIG' for a config file path
2020/11/20 06:47:23 packer-post-processor-manifest plugin: 'PACKER_CONFIG' not set; checking the default config file path
2020/11/20 06:47:23 packer-post-processor-manifest plugin: Attempting to open config file: /home/ec2-user/.packerconfig
2020/11/20 06:47:23 packer-post-processor-manifest plugin: [WARN] Config file doesn't exist: /home/ec2-user/.packerconfig
2020/11/20 06:47:23 packer-post-processor-manifest plugin: Setting cache directory: /home/ec2-user/environment/packer/packer_cache
2020/11/20 06:47:23 packer-post-processor-manifest plugin: args: []string{"packer-post-processor-manifest"}
2020/11/20 06:47:23 Received unix RPC address for /usr/bin/packer: addr is /tmp/packer-plugin690012140
2020/11/20 06:47:23 packer-post-processor-manifest plugin: Plugin address: unix /tmp/packer-plugin690012140
2020/11/20 06:47:23 packer-post-processor-manifest plugin: Waiting for connection...
2020/11/20 06:47:23 packer-post-processor-manifest plugin: Serving a plugin connection...
2020/11/20 06:47:23 Preparing build: amazon-ebs
2020/11/20 06:47:23 packer-builder-amazon-ebs plugin: [INFO] (aws): No AWS timeout and polling overrides have been set. Packer will default to waiter-specific delays and timeouts. If you would like to customize the length of time between retries and max number of retries you may do so by setting the environment variables AWS_POLL_DELAY_SECONDS and AWS_MAX_ATTEMPTS or the configuration options aws_polling_delay_seconds and aws_polling_max_attempts to your desired values.
2020/11/20 06:47:23 ui: [1;32mamazon-ebs: output will be in this color.[0m
2020/11/20 06:47:23 ui: 
2020/11/20 06:47:23 Build debug mode: false
2020/11/20 06:47:23 Force build: false
2020/11/20 06:47:23 On error: 
2020/11/20 06:47:23 Waiting on builds to complete...
2020/11/20 06:47:23 Starting build run: amazon-ebs
2020/11/20 06:47:23 Running builder: amazon-ebs
2020/11/20 06:47:23 [INFO] (telemetry) Starting builder amazon-ebs
2020/11/20 06:47:23 packer-builder-amazon-ebs plugin: [INFO] Attempting to use session-derived credentials
2020/11/20 06:47:23 packer-builder-amazon-ebs plugin: [INFO] Successfully derived credentials from session
2020/11/20 06:47:23 packer-builder-amazon-ebs plugin: [INFO] AWS Auth provider used: "EC2RoleProvider"
2020/11/20 06:47:23 packer-builder-amazon-ebs plugin: Found region us-east-1
2020/11/20 06:47:23 packer-builder-amazon-ebs plugin: [INFO] AWS Auth provider used: "EC2RoleProvider"
2020/11/20 06:47:23 ui: [1;32m==> amazon-ebs: Prevalidating any provided VPC information[0m
2020/11/20 06:47:23 ui: [1;32m==> amazon-ebs: Prevalidating AMI Name: mytestenv-1.0[0m
2020/11/20 06:47:24 packer-builder-amazon-ebs plugin: Using AMI Filters {
2020/11/20 06:47:24 packer-builder-amazon-ebs plugin:   ImageIds: ["ami-0c94855ba95c71c99"]
2020/11/20 06:47:24 packer-builder-amazon-ebs plugin: }
2020/11/20 06:47:24 ui: [0;32m    amazon-ebs: Found Image ID: ami-0c94855ba95c71c99[0m
2020/11/20 06:47:24 packer-builder-amazon-ebs plugin: [INFO] Finding AZ and VpcId for the given subnet 'subnet-04c76b5f66e066356'
2020/11/20 06:47:24 packer-builder-amazon-ebs plugin: [INFO] AvailabilityZone found: 'us-east-1a'
2020/11/20 06:47:24 ui: [1;32m==> amazon-ebs: Creating temporary keypair: packer_5fb7667b-e4fb-dcde-c252-ac5b166fc59a[0m
2020/11/20 06:47:24 ui: [1;32m==> amazon-ebs: Creating temporary security group for this instance: packer_5fb7667c-7e0a-a6fc-ccc8-077af947568c[0m
2020/11/20 06:47:24 packer-builder-amazon-ebs plugin: [DEBUG] Waiting for temporary security group: sg-050136894767d31cf
2020/11/20 06:47:25 packer-builder-amazon-ebs plugin: [DEBUG] Found security group sg-050136894767d31cf
2020/11/20 06:47:25 ui: [1;32m==> amazon-ebs: Authorizing access to port 22 from [0.0.0.0/0] in the temporary security groups...[0m
2020/11/20 06:47:25 ui: [1;32m==> amazon-ebs: Launching a source AWS instance...[0m
2020/11/20 06:47:25 ui: [1;32m==> amazon-ebs: Adding tags to source instance[0m
2020/11/20 06:47:25 ui: [0;32m    amazon-ebs: Adding tag: "Name": "Packer Builder"[0m
2020/11/20 06:47:26 ui: [0;32m    amazon-ebs: Instance ID: i-02990fc18cabc1d48[0m
2020/11/20 06:47:26 ui: [1;32m==> amazon-ebs: Waiting for instance (i-02990fc18cabc1d48) to become ready...[0m
2020/11/20 06:47:57 packer-builder-amazon-ebs plugin: [INFO] Not using winrm communicator, skipping get password...
2020/11/20 06:47:57 ui: [1;32m==> amazon-ebs: Using ssh communicator to connect: 18.209.209.186[0m
2020/11/20 06:47:57 packer-builder-amazon-ebs plugin: [INFO] Waiting for SSH, up to timeout: 5m0s
2020/11/20 06:47:57 ui: [1;32m==> amazon-ebs: Waiting for SSH to become available...[0m
2020/11/20 06:47:57 packer-builder-amazon-ebs plugin: Using host value: 18.209.209.186
2020/11/20 06:47:58 packer-builder-amazon-ebs plugin: [DEBUG] TCP connection to SSH ip/port failed: dial tcp 18.209.209.186:22: connect: connection refused
2020/11/20 06:48:03 packer-builder-amazon-ebs plugin: Using host value: 18.209.209.186
2020/11/20 06:48:03 packer-builder-amazon-ebs plugin: [INFO] Attempting SSH connection to 18.209.209.186:22...
2020/11/20 06:48:03 packer-builder-amazon-ebs plugin: [DEBUG] reconnecting to TCP connection for SSH
2020/11/20 06:48:03 packer-builder-amazon-ebs plugin: [DEBUG] handshaking with SSH
2020/11/20 06:48:03 packer-builder-amazon-ebs plugin: [DEBUG] handshake complete!
2020/11/20 06:48:03 packer-builder-amazon-ebs plugin: [INFO] no local agent socket, will not connect agent
2020/11/20 06:48:03 ui: [1;32m==> amazon-ebs: Connected to SSH![0m
2020/11/20 06:48:03 packer-builder-amazon-ebs plugin: Running the provision hook
2020/11/20 06:48:03 [INFO] (telemetry) Starting provisioner shell
2020/11/20 06:48:03 ui: [1;32m==> amazon-ebs: Provisioning with shell script: script.sh[0m
2020/11/20 06:48:03 packer-provisioner-shell plugin: Opening script.sh for reading
2020/11/20 06:48:03 packer-provisioner-shell plugin: [INFO] 1019 bytes written for 'uploadData'
2020/11/20 06:48:03 [INFO] 1019 bytes written for 'uploadData'
2020/11/20 06:48:03 packer-builder-amazon-ebs plugin: [DEBUG] Opening new ssh session
2020/11/20 06:48:03 packer-builder-amazon-ebs plugin: [DEBUG] Starting remote scp process:  scp -vt /tmp
2020/11/20 06:48:03 packer-builder-amazon-ebs plugin: [DEBUG] Started SCP session, beginning transfers...
2020/11/20 06:48:03 packer-builder-amazon-ebs plugin: [DEBUG] Copying input data into temporary file so we can read the length
2020/11/20 06:48:03 packer-builder-amazon-ebs plugin: [DEBUG] scp: Uploading script_2402.sh: perms=C0644 size=1019
2020/11/20 06:48:03 packer-builder-amazon-ebs plugin: [DEBUG] SCP session complete, closing stdin pipe.
2020/11/20 06:48:03 packer-builder-amazon-ebs plugin: [DEBUG] Waiting for SSH session to complete.
2020/11/20 06:48:03 packer-builder-amazon-ebs plugin: [DEBUG] scp stderr (length 32): Sink: C0644 1019 script_2402.sh
2020/11/20 06:48:03 packer-builder-amazon-ebs plugin: [DEBUG] Opening new ssh session
2020/11/20 06:48:03 packer-builder-amazon-ebs plugin: [DEBUG] starting remote command: chmod 0755 /tmp/script_2402.sh
2020/11/20 06:48:03 packer-builder-amazon-ebs plugin: [INFO] RPC endpoint: Communicator ended with: 0
2020/11/20 06:48:03 [INFO] RPC client: Communicator ended with: 0
2020/11/20 06:48:03 [INFO] RPC endpoint: Communicator ended with: 0
2020/11/20 06:48:03 packer-provisioner-shell plugin: [INFO] RPC client: Communicator ended with: 0
2020/11/20 06:48:03 packer-builder-amazon-ebs plugin: [DEBUG] Opening new ssh session
2020/11/20 06:48:03 packer-builder-amazon-ebs plugin: [DEBUG] starting remote command: PACKER_BUILDER_TYPE='amazon-ebs' PACKER_BUILD_NAME='amazon-ebs'  /bin/bash -vx /tmp/script_2402.sh
2020/11/20 06:48:03 ui error: [1;31m==> amazon-ebs: #!/bin/bash[0m
2020/11/20 06:48:03 ui error: [1;31m==> amazon-ebs: set +x[0m
2020/11/20 06:48:03 ui error: [1;31m==> amazon-ebs: + set +x[0m
2020/11/20 06:48:03 ui error: [1;31m==> amazon-ebs: sudo yum install docker jq -y[0m
2020/11/20 06:48:04 ui: [0;32m    amazon-ebs: Loaded plugins: extras_suggestions, langpacks, priorities, update-motd[0m
2020/11/20 06:48:04 ui error: [1;31m==> amazon-ebs: Existing lock /var/run/yum.pid: another copy is running as pid 3329.[0m
2020/11/20 06:48:04 ui error: [1;31m==> amazon-ebs: Another app is currently holding the yum lock; waiting for it to exit...[0m
2020/11/20 06:48:04 ui error: [1;31m==> amazon-ebs:   The other application is: yum[0m
2020/11/20 06:48:04 ui error: [1;31m==> amazon-ebs:     Memory :  64 M RSS (355 MB VSZ)[0m
2020/11/20 06:48:04 ui error: [1;31m==> amazon-ebs:     Started: Fri Nov 20 06:48:01 2020 - 00:03 ago[0m
2020/11/20 06:48:04 ui error: [1;31m==> amazon-ebs:     State  : Running, pid: 3329[0m
2020/11/20 06:48:06 ui error: [1;31m==> amazon-ebs: Another app is currently holding the yum lock; waiting for it to exit...[0m
2020/11/20 06:48:06 ui error: [1;31m==> amazon-ebs:   The other application is: yum[0m
2020/11/20 06:48:06 ui error: [1;31m==> amazon-ebs:     Memory :  73 M RSS (364 MB VSZ)[0m
2020/11/20 06:48:06 ui error: [1;31m==> amazon-ebs:     Started: Fri Nov 20 06:48:01 2020 - 00:05 ago[0m
2020/11/20 06:48:06 ui error: [1;31m==> amazon-ebs:     State  : Running, pid: 3329[0m
2020/11/20 06:48:08 ui error: [1;31m==> amazon-ebs: Another app is currently holding the yum lock; waiting for it to exit...[0m
2020/11/20 06:48:08 ui error: [1;31m==> amazon-ebs:   The other application is: yum[0m
2020/11/20 06:48:08 ui error: [1;31m==> amazon-ebs:     Memory : 134 M RSS (425 MB VSZ)[0m
2020/11/20 06:48:08 ui error: [1;31m==> amazon-ebs:     Started: Fri Nov 20 06:48:01 2020 - 00:07 ago[0m
2020/11/20 06:48:08 ui error: [1;31m==> amazon-ebs:     State  : Running, pid: 3329[0m
2020/11/20 06:48:10 ui error: [1;31m==> amazon-ebs: Existing lock /var/run/yum.pid: another copy is running as pid 3404.[0m
2020/11/20 06:48:10 ui error: [1;31m==> amazon-ebs: Another app is currently holding the yum lock; waiting for it to exit...[0m
2020/11/20 06:48:10 ui error: [1;31m==> amazon-ebs:   The other application is: yum[0m
2020/11/20 06:48:10 ui error: [1;31m==> amazon-ebs:     Memory :  46 M RSS (263 MB VSZ)[0m
2020/11/20 06:48:10 ui error: [1;31m==> amazon-ebs:     Started: Fri Nov 20 06:48:01 2020 - 00:09 ago[0m
2020/11/20 06:48:10 ui error: [1;31m==> amazon-ebs:     State  : Running, pid: 3404[0m
2020/11/20 06:48:12 ui error: [1;31m==> amazon-ebs: Another app is currently holding the yum lock; waiting for it to exit...[0m
2020/11/20 06:48:12 ui error: [1;31m==> amazon-ebs:   The other application is: yum[0m
2020/11/20 06:48:12 ui error: [1;31m==> amazon-ebs:     Memory :  88 M RSS (303 MB VSZ)[0m
2020/11/20 06:48:12 ui error: [1;31m==> amazon-ebs:     Started: Fri Nov 20 06:48:01 2020 - 00:11 ago[0m
2020/11/20 06:48:12 ui error: [1;31m==> amazon-ebs:     State  : Running, pid: 3404[0m
2020/11/20 06:48:15 ui: [0;32m    amazon-ebs: Resolving Dependencies[0m
2020/11/20 06:48:15 ui: [0;32m    amazon-ebs: --> Running transaction check[0m
2020/11/20 06:48:15 ui: [0;32m    amazon-ebs: ---> Package docker.x86_64 0:19.03.13ce-1.amzn2 will be installed[0m
2020/11/20 06:48:15 ui: [0;32m    amazon-ebs: --> Processing Dependency: runc >= 1.0.0 for package: docker-19.03.13ce-1.amzn2.x86_64[0m
2020/11/20 06:48:15 ui: [0;32m    amazon-ebs: --> Processing Dependency: containerd >= 1.3.2 for package: docker-19.03.13ce-1.amzn2.x86_64[0m
2020/11/20 06:48:15 ui: [0;32m    amazon-ebs: --> Processing Dependency: pigz for package: docker-19.03.13ce-1.amzn2.x86_64[0m
2020/11/20 06:48:15 ui: [0;32m    amazon-ebs: --> Processing Dependency: libcgroup for package: docker-19.03.13ce-1.amzn2.x86_64[0m
2020/11/20 06:48:15 ui: [0;32m    amazon-ebs: ---> Package jq.x86_64 0:1.5-1.amzn2.0.2 will be installed[0m
2020/11/20 06:48:15 ui: [0;32m    amazon-ebs: --> Processing Dependency: libonig.so.2()(64bit) for package: jq-1.5-1.amzn2.0.2.x86_64[0m
2020/11/20 06:48:15 ui: [0;32m    amazon-ebs: --> Running transaction check[0m
2020/11/20 06:48:15 ui: [0;32m    amazon-ebs: ---> Package containerd.x86_64 0:1.4.1-1.amzn2 will be installed[0m
2020/11/20 06:48:15 ui: [0;32m    amazon-ebs: ---> Package libcgroup.x86_64 0:0.41-21.amzn2 will be installed[0m
2020/11/20 06:48:15 ui: [0;32m    amazon-ebs: ---> Package oniguruma.x86_64 0:5.9.6-1.amzn2.0.4 will be installed[0m
2020/11/20 06:48:15 ui: [0;32m    amazon-ebs: ---> Package pigz.x86_64 0:2.3.4-1.amzn2.0.1 will be installed[0m
2020/11/20 06:48:15 ui: [0;32m    amazon-ebs: ---> Package runc.x86_64 0:1.0.0-0.1.20200826.gitff819c7.amzn2 will be installed[0m
2020/11/20 06:48:15 ui: [0;32m    amazon-ebs: --> Finished Dependency Resolution[0m
2020/11/20 06:48:16 ui: [0;32m    amazon-ebs:[0m
2020/11/20 06:48:16 ui: [0;32m    amazon-ebs: Dependencies Resolved[0m
2020/11/20 06:48:16 ui: [0;32m    amazon-ebs:[0m
2020/11/20 06:48:16 ui: [0;32m    amazon-ebs: ================================================================================[0m
2020/11/20 06:48:16 ui: [0;32m    amazon-ebs:  Package    Arch   Version                              Repository         Size[0m
2020/11/20 06:48:16 ui: [0;32m    amazon-ebs: ================================================================================[0m
2020/11/20 06:48:16 ui: [0;32m    amazon-ebs: Installing:[0m
2020/11/20 06:48:16 ui: [0;32m    amazon-ebs:  docker     x86_64 19.03.13ce-1.amzn2                   amzn2extra-docker  37 M[0m
2020/11/20 06:48:16 ui: [0;32m    amazon-ebs:  jq         x86_64 1.5-1.amzn2.0.2                      amzn2-core        154 k[0m
2020/11/20 06:48:16 ui: [0;32m    amazon-ebs: Installing for dependencies:[0m
2020/11/20 06:48:16 ui: [0;32m    amazon-ebs:  containerd x86_64 1.4.1-1.amzn2                        amzn2extra-docker  24 M[0m
2020/11/20 06:48:16 ui: [0;32m    amazon-ebs:  libcgroup  x86_64 0.41-21.amzn2                        amzn2-core         66 k[0m
2020/11/20 06:48:16 ui: [0;32m    amazon-ebs:  oniguruma  x86_64 5.9.6-1.amzn2.0.4                    amzn2-core        127 k[0m
2020/11/20 06:48:16 ui: [0;32m    amazon-ebs:  pigz       x86_64 2.3.4-1.amzn2.0.1                    amzn2-core         81 k[0m
2020/11/20 06:48:16 ui: [0;32m    amazon-ebs:  runc       x86_64 1.0.0-0.1.20200826.gitff819c7.amzn2  amzn2extra-docker 3.7 M[0m
2020/11/20 06:48:16 ui: [0;32m    amazon-ebs:[0m
2020/11/20 06:48:16 ui: [0;32m    amazon-ebs: Transaction Summary[0m
2020/11/20 06:48:16 ui: [0;32m    amazon-ebs: ================================================================================[0m
2020/11/20 06:48:16 ui: [0;32m    amazon-ebs: Install  2 Packages (+5 Dependent packages)[0m
2020/11/20 06:48:16 ui: [0;32m    amazon-ebs:[0m
2020/11/20 06:48:16 ui: [0;32m    amazon-ebs: Total download size: 65 M[0m
2020/11/20 06:48:16 ui: [0;32m    amazon-ebs: Installed size: 271 M[0m
2020/11/20 06:48:16 ui: [0;32m    amazon-ebs: Downloading packages:[0m
2020/11/20 06:48:17 ui: [0;32m    amazon-ebs: --------------------------------------------------------------------------------[0m
2020/11/20 06:48:17 ui: [0;32m    amazon-ebs: Total                                               43 MB/s |  65 MB  00:01[0m
2020/11/20 06:48:17 ui: [0;32m    amazon-ebs: Running transaction check[0m
2020/11/20 06:48:17 ui: [0;32m    amazon-ebs: Running transaction test[0m
2020/11/20 06:48:17 ui: [0;32m    amazon-ebs: Transaction test succeeded[0m
2020/11/20 06:48:17 ui: [0;32m    amazon-ebs: Running transaction[0m
2020/11/20 06:48:21 ui: [0;32m    amazon-ebs:   Installing : runc-1.0.0-0.1.20200826.gitff819c7.amzn2.x86_64              1/7[0m
2020/11/20 06:48:21 ui: [0;32m    amazon-ebs:   Installing : containerd-1.4.1-1.amzn2.x86_64                              2/7[0m
2020/11/20 06:48:21 ui: [0;32m    amazon-ebs:   Installing : libcgroup-0.41-21.amzn2.x86_64                               3/7[0m
2020/11/20 06:48:21 ui: [0;32m    amazon-ebs:   Installing : oniguruma-5.9.6-1.amzn2.0.4.x86_64                           4/7[0m
2020/11/20 06:48:27 ui: [0;32m    amazon-ebs:   Installing : pigz-2.3.4-1.amzn2.0.1.x86_64                                5/7[0m
2020/11/20 06:48:27 ui: [0;32m    amazon-ebs:   Installing : docker-19.03.13ce-1.amzn2.x86_64                             6/7[0m
2020/11/20 06:48:27 ui: [0;32m    amazon-ebs:   Installing : jq-1.5-1.amzn2.0.2.x86_64                                    7/7[0m
2020/11/20 06:48:27 ui: [0;32m    amazon-ebs:   Verifying  : docker-19.03.13ce-1.amzn2.x86_64                             1/7[0m
2020/11/20 06:48:27 ui: [0;32m    amazon-ebs:   Verifying  : runc-1.0.0-0.1.20200826.gitff819c7.amzn2.x86_64              2/7[0m
2020/11/20 06:48:27 ui: [0;32m    amazon-ebs:   Verifying  : containerd-1.4.1-1.amzn2.x86_64                              3/7[0m
2020/11/20 06:48:27 ui: [0;32m    amazon-ebs:   Verifying  : pigz-2.3.4-1.amzn2.0.1.x86_64                                4/7[0m
2020/11/20 06:48:27 ui: [0;32m    amazon-ebs:   Verifying  : jq-1.5-1.amzn2.0.2.x86_64                                    5/7[0m
2020/11/20 06:48:27 ui: [0;32m    amazon-ebs:   Verifying  : oniguruma-5.9.6-1.amzn2.0.4.x86_64                           6/7[0m
2020/11/20 06:48:27 ui: [0;32m    amazon-ebs:   Verifying  : libcgroup-0.41-21.amzn2.x86_64                               7/7[0m
2020/11/20 06:48:27 ui: [0;32m    amazon-ebs:[0m
2020/11/20 06:48:27 ui: [0;32m    amazon-ebs: Installed:[0m
2020/11/20 06:48:27 ui: [0;32m    amazon-ebs:   docker.x86_64 0:19.03.13ce-1.amzn2         jq.x86_64 0:1.5-1.amzn2.0.2[0m
2020/11/20 06:48:27 ui: [0;32m    amazon-ebs:[0m
2020/11/20 06:48:27 ui: [0;32m    amazon-ebs: Dependency Installed:[0m
2020/11/20 06:48:27 ui: [0;32m    amazon-ebs:   containerd.x86_64 0:1.4.1-1.amzn2[0m
2020/11/20 06:48:27 ui: [0;32m    amazon-ebs:   libcgroup.x86_64 0:0.41-21.amzn2[0m
2020/11/20 06:48:27 ui: [0;32m    amazon-ebs:   oniguruma.x86_64 0:5.9.6-1.amzn2.0.4[0m
2020/11/20 06:48:27 ui: [0;32m    amazon-ebs:   pigz.x86_64 0:2.3.4-1.amzn2.0.1[0m
2020/11/20 06:48:27 ui: [0;32m    amazon-ebs:   runc.x86_64 0:1.0.0-0.1.20200826.gitff819c7.amzn2[0m
2020/11/20 06:48:27 ui: [0;32m    amazon-ebs:[0m
2020/11/20 06:48:27 ui: [0;32m    amazon-ebs: Complete![0m
2020/11/20 06:48:27 ui error: [1;31m==> amazon-ebs: sudo usermod -a -G docker ec2-user[0m
2020/11/20 06:48:27 ui error: [1;31m==> amazon-ebs: sudo systemctl  start docker[0m
2020/11/20 06:48:28 ui error: [1;31m==> amazon-ebs: sudo systemctl status docker[0m
2020/11/20 06:48:28 ui: [0;32m    amazon-ebs: â— docker.service - Docker Application Container Engine[0m
2020/11/20 06:48:28 ui: [0;32m    amazon-ebs:    Loaded: loaded (/usr/lib/systemd/system/docker.service; disabled; vendor preset: disabled)[0m
2020/11/20 06:48:28 ui: [0;32m    amazon-ebs:    Active: active (running) since Fri 2020-11-20 06:48:28 UTC; 24ms ago[0m
2020/11/20 06:48:28 ui: [0;32m    amazon-ebs:      Docs: https://docs.docker.com[0m
2020/11/20 06:48:28 ui: [0;32m    amazon-ebs:   Process: 3755 ExecStartPre=/usr/libexec/docker/docker-setup-runtimes.sh (code=exited, status=0/SUCCESS)[0m
2020/11/20 06:48:28 ui: [0;32m    amazon-ebs:   Process: 3745 ExecStartPre=/bin/mkdir -p /run/docker (code=exited, status=0/SUCCESS)[0m
2020/11/20 06:48:28 ui error: [1;31m==> amazon-ebs: sudo systemctl enable docker[0m
2020/11/20 06:48:28 ui: [0;32m    amazon-ebs:  Main PID: 3762 (dockerd)[0m
2020/11/20 06:48:28 ui: [0;32m    amazon-ebs:     Tasks: 8[0m
2020/11/20 06:48:28 ui: [0;32m    amazon-ebs:    Memory: 37.4M[0m
2020/11/20 06:48:28 ui: [0;32m    amazon-ebs:    CGroup: /system.slice/docker.service[0m
2020/11/20 06:48:28 ui: [0;32m    amazon-ebs:            â””â”€3762 /usr/bin/dockerd -H fd:// --containerd=/run/containerd/containerd.sock --default-ulimit nofile=1024:4096[0m
2020/11/20 06:48:28 ui: [0;32m    amazon-ebs:[0m
2020/11/20 06:48:28 ui: [0;32m    amazon-ebs: Nov 20 06:48:28 ip-10-0-0-113.ec2.internal dockerd[3762]: time="2020-11-20T06:48:28.084218977Z" level=info msg="scheme \"unix\" not registered, fallback to default scheme" module=grpc[0m
2020/11/20 06:48:28 ui: [0;32m    amazon-ebs: Nov 20 06:48:28 ip-10-0-0-113.ec2.internal dockerd[3762]: time="2020-11-20T06:48:28.084602770Z" level=info msg="ccResolverWrapper: sending update to cc: {[{unix:///run/containerd/containerd.sock 0  <nil>}] <nil>}" module=grpc[0m
2020/11/20 06:48:28 ui: [0;32m    amazon-ebs: Nov 20 06:48:28 ip-10-0-0-113.ec2.internal dockerd[3762]: time="2020-11-20T06:48:28.084880091Z" level=info msg="ClientConn switching balancer to \"pick_first\"" module=grpc[0m
2020/11/20 06:48:28 ui: [0;32m    amazon-ebs: Nov 20 06:48:28 ip-10-0-0-113.ec2.internal dockerd[3762]: time="2020-11-20T06:48:28.213040166Z" level=info msg="Loading containers: start."[0m
2020/11/20 06:48:28 ui: [0;32m    amazon-ebs: Nov 20 06:48:28 ip-10-0-0-113.ec2.internal dockerd[3762]: time="2020-11-20T06:48:28.478112439Z" level=info msg="Default bridge (docker0) is assigned with an IP address 172.17.0.0/16. Daemon option --bip can be used to set a preferred IP address"[0m
2020/11/20 06:48:28 ui: [0;32m    amazon-ebs: Nov 20 06:48:28 ip-10-0-0-113.ec2.internal dockerd[3762]: time="2020-11-20T06:48:28.565864842Z" level=info msg="Loading containers: done."[0m
2020/11/20 06:48:28 ui: [0;32m    amazon-ebs: Nov 20 06:48:28 ip-10-0-0-113.ec2.internal dockerd[3762]: time="2020-11-20T06:48:28.604266096Z" level=info msg="Docker daemon" commit=4484c46 graphdriver(s)=overlay2 version=19.03.13-ce[0m
2020/11/20 06:48:28 ui: [0;32m    amazon-ebs: Nov 20 06:48:28 ip-10-0-0-113.ec2.internal dockerd[3762]: time="2020-11-20T06:48:28.604341926Z" level=info msg="Daemon has completed initialization"[0m
2020/11/20 06:48:28 ui: [0;32m    amazon-ebs: Nov 20 06:48:28 ip-10-0-0-113.ec2.internal systemd[1]: Started Docker Application Container Engine.[0m
2020/11/20 06:48:28 ui: [0;32m    amazon-ebs: Nov 20 06:48:28 ip-10-0-0-113.ec2.internal dockerd[3762]: time="2020-11-20T06:48:28.669777046Z" level=info msg="API listen on /var/run/docker.sock"[0m
2020/11/20 06:48:28 ui error: [1;31m==> amazon-ebs: Created symlink from /etc/systemd/system/multi-user.target.wants/docker.service to /usr/lib/systemd/system/docker.service.[0m
2020/11/20 06:48:28 ui error: [1;31m==> amazon-ebs: sudo curl -L "https://github.com/docker/compose/releases/download/1.27.3/docker-compose-$(uname -s)-$(uname -m)" -o /usr/local/bin/docker-compose[0m
2020/11/20 06:48:28 ui error: [1;31m==> amazon-ebs:   % Total    % Received % Xferd  Average Speed   Time    Time     Time  Current[0m
2020/11/20 06:48:28 ui error: [1;31m==> amazon-ebs:                                  Dload  Upload   Total   Spent    Left  Speed[0m
2020/11/20 06:48:29 ui error: [1;31m==> amazon-ebs: 100   651  100   651    0     0   4786      0 --:--:-- --:--:-- --:--:--  4786[0m
2020/11/20 06:48:29 ui error: [1;31m==> amazon-ebs: 100 11.6M  100 11.6M    0     0  21.6M      0 --:--:-- --:--:-- --:--:-- 38.0M[0m
2020/11/20 06:48:29 ui error: [1;31m==> amazon-ebs: sudo chmod +x /usr/local/bin/docker-compose[0m
2020/11/20 06:48:29 ui error: [1;31m==> amazon-ebs: sudo ln -s /usr/local/bin/docker-compose /usr/bin/docker-compose[0m
2020/11/20 06:48:29 ui error: [1;31m==> amazon-ebs: sudo yum -y install git[0m
2020/11/20 06:48:30 ui: [0;32m    amazon-ebs: Loaded plugins: extras_suggestions, langpacks, priorities, update-motd[0m
2020/11/20 06:48:30 ui error: [1;31m==> amazon-ebs: Existing lock /var/run/yum.pid: another copy is running as pid 3741.[0m
2020/11/20 06:48:30 ui error: [1;31m==> amazon-ebs: Another app is currently holding the yum lock; waiting for it to exit...[0m
2020/11/20 06:48:30 ui error: [1;31m==> amazon-ebs:   The other application is: yum[0m
2020/11/20 06:48:30 ui error: [1;31m==> amazon-ebs:     Memory :  93 M RSS (309 MB VSZ)[0m
2020/11/20 06:48:30 ui error: [1;31m==> amazon-ebs:     Started: Fri Nov 20 06:48:27 2020 - 00:03 ago[0m
2020/11/20 06:48:30 ui error: [1;31m==> amazon-ebs:     State  : Running, pid: 3741[0m
2020/11/20 06:48:32 ui error: [1;31m==> amazon-ebs: Another app is currently holding the yum lock; waiting for it to exit...[0m
2020/11/20 06:48:32 ui error: [1;31m==> amazon-ebs:   The other application is: yum[0m
2020/11/20 06:48:32 ui error: [1;31m==> amazon-ebs:     Memory : 133 M RSS (350 MB VSZ)[0m
2020/11/20 06:48:32 ui error: [1;31m==> amazon-ebs:     Started: Fri Nov 20 06:48:27 2020 - 00:05 ago[0m
2020/11/20 06:48:32 ui error: [1;31m==> amazon-ebs:     State  : Running, pid: 3741[0m
2020/11/20 06:48:34 ui: [0;32m    amazon-ebs: Resolving Dependencies[0m
2020/11/20 06:48:34 ui: [0;32m    amazon-ebs: --> Running transaction check[0m
2020/11/20 06:48:34 ui: [0;32m    amazon-ebs: ---> Package git.x86_64 0:2.23.3-1.amzn2.0.1 will be installed[0m
2020/11/20 06:48:34 ui: [0;32m    amazon-ebs: --> Processing Dependency: perl-Git = 2.23.3-1.amzn2.0.1 for package: git-2.23.3-1.amzn2.0.1.x86_64[0m
2020/11/20 06:48:34 ui: [0;32m    amazon-ebs: --> Processing Dependency: git-core-doc = 2.23.3-1.amzn2.0.1 for package: git-2.23.3-1.amzn2.0.1.x86_64[0m
2020/11/20 06:48:34 ui: [0;32m    amazon-ebs: --> Processing Dependency: git-core = 2.23.3-1.amzn2.0.1 for package: git-2.23.3-1.amzn2.0.1.x86_64[0m
2020/11/20 06:48:34 ui: [0;32m    amazon-ebs: --> Processing Dependency: emacs-filesystem >= 25.3 for package: git-2.23.3-1.amzn2.0.1.x86_64[0m
2020/11/20 06:48:34 ui: [0;32m    amazon-ebs: --> Processing Dependency: perl(Term::ReadKey) for package: git-2.23.3-1.amzn2.0.1.x86_64[0m
2020/11/20 06:48:34 ui: [0;32m    amazon-ebs: --> Processing Dependency: perl(Git::I18N) for package: git-2.23.3-1.amzn2.0.1.x86_64[0m
2020/11/20 06:48:34 ui: [0;32m    amazon-ebs: --> Processing Dependency: perl(Git) for package: git-2.23.3-1.amzn2.0.1.x86_64[0m
2020/11/20 06:48:34 ui: [0;32m    amazon-ebs: --> Processing Dependency: libsecret-1.so.0()(64bit) for package: git-2.23.3-1.amzn2.0.1.x86_64[0m
2020/11/20 06:48:34 ui: [0;32m    amazon-ebs: --> Running transaction check[0m
2020/11/20 06:48:34 ui: [0;32m    amazon-ebs: ---> Package emacs-filesystem.noarch 1:25.3-3.amzn2.0.2 will be installed[0m
2020/11/20 06:48:34 ui: [0;32m    amazon-ebs: ---> Package git-core.x86_64 0:2.23.3-1.amzn2.0.1 will be installed[0m
2020/11/20 06:48:34 ui: [0;32m    amazon-ebs: ---> Package git-core-doc.noarch 0:2.23.3-1.amzn2.0.1 will be installed[0m
2020/11/20 06:48:34 ui: [0;32m    amazon-ebs: ---> Package libsecret.x86_64 0:0.18.5-2.amzn2.0.2 will be installed[0m
2020/11/20 06:48:34 ui: [0;32m    amazon-ebs: ---> Package perl-Git.noarch 0:2.23.3-1.amzn2.0.1 will be installed[0m
2020/11/20 06:48:34 ui: [0;32m    amazon-ebs: --> Processing Dependency: perl(Error) for package: perl-Git-2.23.3-1.amzn2.0.1.noarch[0m
2020/11/20 06:48:34 ui: [0;32m    amazon-ebs: ---> Package perl-TermReadKey.x86_64 0:2.30-20.amzn2.0.2 will be installed[0m
2020/11/20 06:48:34 ui: [0;32m    amazon-ebs: --> Running transaction check[0m
2020/11/20 06:48:34 ui: [0;32m    amazon-ebs: ---> Package perl-Error.noarch 1:0.17020-2.amzn2 will be installed[0m
2020/11/20 06:48:34 ui: [0;32m    amazon-ebs: --> Finished Dependency Resolution[0m
2020/11/20 06:48:35 ui: [0;32m    amazon-ebs:[0m
2020/11/20 06:48:35 ui: [0;32m    amazon-ebs: Dependencies Resolved[0m
2020/11/20 06:48:35 ui: [0;32m    amazon-ebs:[0m
2020/11/20 06:48:35 ui: [0;32m    amazon-ebs: ================================================================================[0m
2020/11/20 06:48:35 ui: [0;32m    amazon-ebs:  Package              Arch       Version                   Repository      Size[0m
2020/11/20 06:48:35 ui: [0;32m    amazon-ebs: ================================================================================[0m
2020/11/20 06:48:35 ui: [0;32m    amazon-ebs: Installing:[0m
2020/11/20 06:48:35 ui: [0;32m    amazon-ebs:  git                  x86_64     2.23.3-1.amzn2.0.1        amzn2-core     135 k[0m
2020/11/20 06:48:35 ui: [0;32m    amazon-ebs: Installing for dependencies:[0m
2020/11/20 06:48:35 ui: [0;32m    amazon-ebs:  emacs-filesystem     noarch     1:25.3-3.amzn2.0.2        amzn2-core      64 k[0m
2020/11/20 06:48:35 ui: [0;32m    amazon-ebs:  git-core             x86_64     2.23.3-1.amzn2.0.1        amzn2-core     5.0 M[0m
2020/11/20 06:48:35 ui: [0;32m    amazon-ebs:  git-core-doc         noarch     2.23.3-1.amzn2.0.1        amzn2-core     2.4 M[0m
2020/11/20 06:48:35 ui: [0;32m    amazon-ebs:  libsecret            x86_64     0.18.5-2.amzn2.0.2        amzn2-core     153 k[0m
2020/11/20 06:48:35 ui: [0;32m    amazon-ebs:  perl-Error           noarch     1:0.17020-2.amzn2         amzn2-core      32 k[0m
2020/11/20 06:48:35 ui: [0;32m    amazon-ebs:  perl-Git             noarch     2.23.3-1.amzn2.0.1        amzn2-core      47 k[0m
2020/11/20 06:48:35 ui: [0;32m    amazon-ebs:  perl-TermReadKey     x86_64     2.30-20.amzn2.0.2         amzn2-core      31 k[0m
2020/11/20 06:48:35 ui: [0;32m    amazon-ebs:[0m
2020/11/20 06:48:35 ui: [0;32m    amazon-ebs: Transaction Summary[0m
2020/11/20 06:48:35 ui: [0;32m    amazon-ebs: ================================================================================[0m
2020/11/20 06:48:35 ui: [0;32m    amazon-ebs: Install  1 Package (+7 Dependent packages)[0m
2020/11/20 06:48:35 ui: [0;32m    amazon-ebs:[0m
2020/11/20 06:48:35 ui: [0;32m    amazon-ebs: Total download size: 7.9 M[0m
2020/11/20 06:48:35 ui: [0;32m    amazon-ebs: Installed size: 41 M[0m
2020/11/20 06:48:35 ui: [0;32m    amazon-ebs: Downloading packages:[0m
2020/11/20 06:48:35 ui: [0;32m    amazon-ebs: --------------------------------------------------------------------------------[0m
2020/11/20 06:48:35 ui: [0;32m    amazon-ebs: Total                                               19 MB/s | 7.9 MB  00:00[0m
2020/11/20 06:48:35 ui: [0;32m    amazon-ebs: Running transaction check[0m
2020/11/20 06:48:35 ui: [0;32m    amazon-ebs: Running transaction test[0m
2020/11/20 06:48:35 ui: [0;32m    amazon-ebs: Transaction test succeeded[0m
2020/11/20 06:48:35 ui: [0;32m    amazon-ebs: Running transaction[0m
2020/11/20 06:48:37 ui: [0;32m    amazon-ebs:   Installing : git-core-2.23.3-1.amzn2.0.1.x86_64                           1/8[0m
2020/11/20 06:48:37 ui: [0;32m    amazon-ebs:   Installing : git-core-doc-2.23.3-1.amzn2.0.1.noarch                       2/8[0m
2020/11/20 06:48:37 ui: [0;32m    amazon-ebs:   Installing : 1:emacs-filesystem-25.3-3.amzn2.0.2.noarch                   3/8[0m
2020/11/20 06:48:37 ui: [0;32m    amazon-ebs:   Installing : 1:perl-Error-0.17020-2.amzn2.noarch                          4/8[0m
2020/11/20 06:48:37 ui: [0;32m    amazon-ebs:   Installing : perl-TermReadKey-2.30-20.amzn2.0.2.x86_64                    5/8[0m
2020/11/20 06:48:37 ui: [0;32m    amazon-ebs:   Installing : libsecret-0.18.5-2.amzn2.0.2.x86_64                          6/8[0m
2020/11/20 06:48:37 ui: [0;32m    amazon-ebs:   Installing : perl-Git-2.23.3-1.amzn2.0.1.noarch                           7/8[0m
2020/11/20 06:48:37 ui: [0;32m    amazon-ebs:   Installing : git-2.23.3-1.amzn2.0.1.x86_64                                8/8[0m
2020/11/20 06:48:37 ui: [0;32m    amazon-ebs:   Verifying  : libsecret-0.18.5-2.amzn2.0.2.x86_64                          1/8[0m
2020/11/20 06:48:37 ui: [0;32m    amazon-ebs:   Verifying  : git-2.23.3-1.amzn2.0.1.x86_64                                2/8[0m
2020/11/20 06:48:37 ui: [0;32m    amazon-ebs:   Verifying  : perl-TermReadKey-2.30-20.amzn2.0.2.x86_64                    3/8[0m
2020/11/20 06:48:37 ui: [0;32m    amazon-ebs:   Verifying  : git-core-2.23.3-1.amzn2.0.1.x86_64                           4/8[0m
2020/11/20 06:48:37 ui: [0;32m    amazon-ebs:   Verifying  : 1:perl-Error-0.17020-2.amzn2.noarch                          5/8[0m
2020/11/20 06:48:37 ui: [0;32m    amazon-ebs:   Verifying  : 1:emacs-filesystem-25.3-3.amzn2.0.2.noarch                   6/8[0m
2020/11/20 06:48:37 ui: [0;32m    amazon-ebs:   Verifying  : perl-Git-2.23.3-1.amzn2.0.1.noarch                           7/8[0m
2020/11/20 06:48:37 ui: [0;32m    amazon-ebs:   Verifying  : git-core-doc-2.23.3-1.amzn2.0.1.noarch                       8/8[0m
2020/11/20 06:48:37 ui: [0;32m    amazon-ebs:[0m
2020/11/20 06:48:37 ui: [0;32m    amazon-ebs: Installed:[0m
2020/11/20 06:48:37 ui: [0;32m    amazon-ebs:   git.x86_64 0:2.23.3-1.amzn2.0.1[0m
2020/11/20 06:48:37 ui: [0;32m    amazon-ebs:[0m
2020/11/20 06:48:37 ui: [0;32m    amazon-ebs: Dependency Installed:[0m
2020/11/20 06:48:37 ui: [0;32m    amazon-ebs:   emacs-filesystem.noarch 1:25.3-3.amzn2.0.2[0m
2020/11/20 06:48:37 ui: [0;32m    amazon-ebs:   git-core.x86_64 0:2.23.3-1.amzn2.0.1[0m
2020/11/20 06:48:37 ui: [0;32m    amazon-ebs:   git-core-doc.noarch 0:2.23.3-1.amzn2.0.1[0m
2020/11/20 06:48:37 ui: [0;32m    amazon-ebs:   libsecret.x86_64 0:0.18.5-2.amzn2.0.2[0m
2020/11/20 06:48:37 ui: [0;32m    amazon-ebs:   perl-Error.noarch 1:0.17020-2.amzn2[0m
2020/11/20 06:48:37 ui: [0;32m    amazon-ebs:   perl-Git.noarch 0:2.23.3-1.amzn2.0.1[0m
2020/11/20 06:48:37 ui: [0;32m    amazon-ebs:   perl-TermReadKey.x86_64 0:2.30-20.amzn2.0.2[0m
2020/11/20 06:48:37 ui: [0;32m    amazon-ebs:[0m
2020/11/20 06:48:37 ui: [0;32m    amazon-ebs: Complete![0m
2020/11/20 06:48:37 ui error: [1;31m==> amazon-ebs: sudo git clone https://github.com/mohanraz81/archeplay-ecomm-demo.git[0m
2020/11/20 06:48:37 ui error: [1;31m==> amazon-ebs: Cloning into 'archeplay-ecomm-demo'...[0m
2020/11/20 06:48:38 ui error: [1;31m==> amazon-ebs: REGION=`curl --silent http://169.254.169.254/latest/dynamic/instance-identity/document | jq -r .region`[0m
2020/11/20 06:48:38 ui error: [1;31m==> amazon-ebs: curl --silent http://169.254.169.254/latest/dynamic/instance-identity/document | jq -r .region[0m
2020/11/20 06:48:38 ui error: [1;31m==> amazon-ebs: sudo sed -i "s/REGIONNAME/$REGION/g" archeplay-ecomm-demo/product/docker-compose.yaml[0m
2020/11/20 06:48:38 ui error: [1;31m==> amazon-ebs: sudo sed -i "s/TABLENAME/$TABLENAME/g" archeplay-ecomm-demo/product/docker-compose.yaml[0m
2020/11/20 06:48:38 ui error: [1;31m==> amazon-ebs: sudo cp archeplay-ecomm-demo/product/product.service /etc/systemd/system/product.service[0m
2020/11/20 06:48:38 ui error: [1;31m==> amazon-ebs: sudo systemctl daemon-reload[0m
2020/11/20 06:48:38 ui error: [1;31m==> amazon-ebs: sudo systemctl enable product.service[0m
2020/11/20 06:48:38 ui error: [1;31m==> amazon-ebs: Created symlink from /etc/systemd/system/default.target.wants/product.service to /etc/systemd/system/product.service.[0m
2020/11/20 06:48:38 ui error: [1;31m==> amazon-ebs: sudo systemctl start product.service[0m
2020/11/20 06:48:38 ui error: [1;31m==> amazon-ebs: sleep 120[0m
2020/11/20 06:50:38 ui error: [1;31m==> amazon-ebs: sudo docker ps -a[0m
2020/11/20 06:50:39 ui: [0;32m    amazon-ebs: CONTAINER ID        IMAGE               COMMAND             CREATED             STATUS              PORTS               NAMES[0m
2020/11/20 06:50:39 packer-builder-amazon-ebs plugin: [INFO] RPC endpoint: Communicator ended with: 0
2020/11/20 06:50:39 [INFO] 11612 bytes written for 'stdout'
2020/11/20 06:50:39 [INFO] 3647 bytes written for 'stderr'
2020/11/20 06:50:39 [INFO] RPC client: Communicator ended with: 0
2020/11/20 06:50:39 [INFO] RPC endpoint: Communicator ended with: 0
2020/11/20 06:50:39 packer-provisioner-shell plugin: [INFO] 11612 bytes written for 'stdout'
2020/11/20 06:50:39 packer-provisioner-shell plugin: [INFO] 3647 bytes written for 'stderr'
2020/11/20 06:50:39 packer-provisioner-shell plugin: [INFO] RPC client: Communicator ended with: 0
2020/11/20 06:50:39 packer-builder-amazon-ebs plugin: [DEBUG] Opening new ssh session
2020/11/20 06:50:39 packer-builder-amazon-ebs plugin: [DEBUG] starting remote command: rm -f /tmp/script_2402.sh
2020/11/20 06:50:39 packer-builder-amazon-ebs plugin: [INFO] RPC endpoint: Communicator ended with: 0
2020/11/20 06:50:39 [INFO] RPC client: Communicator ended with: 0
2020/11/20 06:50:39 [INFO] RPC endpoint: Communicator ended with: 0
2020/11/20 06:50:39 packer-provisioner-shell plugin: [INFO] RPC client: Communicator ended with: 0
2020/11/20 06:50:39 packer-builder-amazon-ebs plugin: [DEBUG] Opening new ssh session
2020/11/20 06:50:39 packer-builder-amazon-ebs plugin: [DEBUG] starting remote command: rm -f
2020/11/20 06:50:39 packer-builder-amazon-ebs plugin: [INFO] RPC endpoint: Communicator ended with: 0
2020/11/20 06:50:39 [INFO] RPC client: Communicator ended with: 0
2020/11/20 06:50:39 [INFO] RPC endpoint: Communicator ended with: 0
2020/11/20 06:50:39 packer-provisioner-shell plugin: [INFO] RPC client: Communicator ended with: 0
2020/11/20 06:50:39 [INFO] (telemetry) ending shell
2020/11/20 06:50:39 ui: [1;32m==> amazon-ebs: Stopping the source instance...[0m
2020/11/20 06:50:39 ui: [0;32m    amazon-ebs: Stopping instance[0m
2020/11/20 06:50:39 ui: [1;32m==> amazon-ebs: Waiting for the instance to stop...[0m
2020/11/20 06:51:09 ui: [1;32m==> amazon-ebs: Creating AMI mytestenv-1.0 from instance i-02990fc18cabc1d48[0m
2020/11/20 06:51:10 ui: [0;32m    amazon-ebs: AMI: ami-097838862113147f9[0m
2020/11/20 06:51:10 ui: [1;32m==> amazon-ebs: Waiting for AMI to become ready...[0m
2020/11/20 06:54:11 ui: [1;32m==> amazon-ebs: Terminating the source AWS instance...[0m
2020/11/20 06:54:26 ui: [1;32m==> amazon-ebs: Cleaning up any extra volumes...[0m
2020/11/20 06:54:26 ui: [1;32m==> amazon-ebs: No volumes to clean up, skipping[0m
2020/11/20 06:54:26 ui: [1;32m==> amazon-ebs: Deleting temporary security group...[0m
2020/11/20 06:54:27 ui: [1;32m==> amazon-ebs: Deleting temporary keypair...[0m
2020/11/20 06:54:27 [INFO] (telemetry) ending amazon-ebs
2020/11/20 06:54:27 ui: [1;32m==> amazon-ebs: Running post-processor: manifest[0m
2020/11/20 06:54:27 [INFO] (telemetry) Starting post-processor manifest
2020/11/20 06:54:27 [INFO] (telemetry) ending manifest
2020/11/20 06:54:27 Flagging to keep original artifact from post-processor 'manifest'
2020/11/20 06:54:27 ui: [1;32mBuild 'amazon-ebs' finished after 7 minutes 4 seconds.[0m
2020/11/20 06:54:27 ui: 
==> Wait completed after 7 minutes 4 seconds
2020/11/20 06:54:27 ui: 
==> Builds finished. The artifacts of successful builds are:
2020/11/20 06:54:27 machine readable: amazon-ebs,artifact-count []string{"2"}
2020/11/20 06:54:27 machine readable: amazon-ebs,artifact []string{"0", "builder-id", "mitchellh.amazonebs"}
2020/11/20 06:54:27 machine readable: amazon-ebs,artifact []string{"0", "id", "us-east-1:ami-097838862113147f9"}
2020/11/20 06:54:27 machine readable: amazon-ebs,artifact []string{"0", "string", "AMIs were created:\nus-east-1: ami-097838862113147f9\n"}
2020/11/20 06:54:27 machine readable: amazon-ebs,artifact []string{"0", "files-count", "0"}
2020/11/20 06:54:27 machine readable: amazon-ebs,artifact []string{"0", "end"}
2020/11/20 06:54:27 ui: --> amazon-ebs: AMIs were created:
us-east-1: ami-097838862113147f9
2020/11/20 06:54:27 machine readable: amazon-ebs,artifact []string{"1", "builder-id", "mitchellh.amazonebs"}
2020/11/20 06:54:27 machine readable: amazon-ebs,artifact []string{"1", "id", "us-east-1:ami-097838862113147f9"}
2020/11/20 06:54:27 machine readable: amazon-ebs,artifact []string{"1", "string", "AMIs were created:\nus-east-1: ami-097838862113147f9\n"}
2020/11/20 06:54:27 machine readable: amazon-ebs,artifact []string{"1", "files-count", "0"}
2020/11/20 06:54:27 machine readable: amazon-ebs,artifact []string{"1", "end"}
2020/11/20 06:54:27 ui: --> amazon-ebs: AMIs were created:
us-east-1: ami-097838862113147f9
2020/11/20 06:54:27 [INFO] (telemetry) Finalizing.
2020/11/20 06:54:27 waiting for all plugin processes to complete...
2020/11/20 06:54:27 /usr/bin/packer: plugin process exited
2020/11/20 06:54:27 /usr/bin/packer: plugin process exited
2020/11/20 06:54:27 /usr/bin/packer: plugin process exited
